Arguments: 
  C:\Program Files\nodejs\node.exe C:\Program Files (x86)\Yarn\bin\yarn.js add react-redux redux

PATH: 
  C:\Program Files (x86)\Intel\iCLS Client\;C:\ProgramData\Oracle\Java\javapath;C:\Program Files\Intel\iCLS Client\;C:\WINDOWS\system32;C:\WINDOWS;C:\WINDOWS\System32\Wbem;C:\WINDOWS\System32\WindowsPowerShell\v1.0\;C:\Users\anseo\AppData\Local\Android\Sdk\platform-tools;C:\Program Files\nodejs\;C:\Program Files\Git\cmd;C:\WINDOWS\System32\OpenSSH\;C:\Program Files\PuTTY\;C:\Program Files\OpenSSH\bin;C:\Apache24\bin;C:\Program Files (x86)\Intel\Intel(R) Management Engine Components\DAL;C:\Program Files\Intel\Intel(R) Management Engine Components\DAL;C:\Program Files (x86)\Intel\Intel(R) Management Engine Components\IPT;C:\Program Files\Intel\Intel(R) Management Engine Components\IPT;C:\Program Files\Intel\WiFi\bin\;C:\Program Files\Common Files\Intel\WirelessCommon\;C:\Program Files\Microsoft VS Code\bin;C:\Program Files\Docker Toolbox;C:\Program Files\heroku\bin;C:\Program Files (x86)\Yarn\bin\;C:\Users\anseo\Anaconda3;C:\Users\anseo\Anaconda3\Library\mingw-w64\bin;C:\Users\anseo\Anaconda3\Library\usr\bin;C:\Users\anseo\Anaconda3\Library\bin;C:\Users\anseo\Anaconda3\Scripts;C:\Program Files (x86)\Intel\iCLS Client\;C:\Program Files\Intel\iCLS Client\;C:\WINDOWS\system32;C:\WINDOWS;C:\WINDOWS\System32\Wbem;C:\WINDOWS\System32\WindowsPowerShell\v1.0\;C:\Program Files (x86)\Intel\Intel(R) Management Engine Components\DAL;C:\Program Files\Intel\Intel(R) Management Engine Components\DAL;C:\Program Files (x86)\Intel\Intel(R) Management Engine Components\IPT;C:\Program Files\Intel\Intel(R) Management Engine Components\IPT;C:\Users\anseo\AppData\Local\Android\Sdk\platform-tools;C:\Program Files\nodejs\;C:\Program Files (x86)\Yarn\bin;C:\Program Files\Git\cmd;C:\Users\anseo\AppData\Local\Microsoft\WindowsApps;C:\Program Files\Bandizip\;C:\Users\anseo\AppData\Roaming\npm;C:\Program Files\;C:\Program Files\Intel\WiFi\bin\;C:\Program Files\Common Files\Intel\WirelessCommon\;C:\Users\anseo\AppData\Local\Yarn\bin

Yarn version: 
  1.9.4

Node version: 
  8.9.1

Platform: 
  win32 x64

Trace: 
  Error: EPERM: operation not permitted, unlink 'C:\Users\anseo\project\beerbear\node_modules\deep-extend\lib'

npm manifest: 
  {
    "name": "my-new-project",
    "main": "node_modules/expo/AppEntry.js",
    "private": true,
    "scripts": {
      "start": "expo start",
      "android": "expo start --android",
      "ios": "expo start --ios",
      "eject": "expo eject",
      "test": "node ./node_modules/jest/bin/jest.js --watchAll"
    },
    "jest": {
      "preset": "jest-expo"
    },
    "dependencies": {
      "@expo/samples": "2.1.1",
      "expo": "^30.0.1",
      "react": "16.3.1",
      "react-native": "https://github.com/expo/react-native/archive/sdk-30.0.0.tar.gz",
      "react-navigation": "^2.9.3"
    },
    "devDependencies": {
      "jest-expo": "30.0.0"
    }
  }

yarn manifest: 
  No manifest

Lockfile: 
  No lockfile
